Using pre-set license
Built from '2020.3/staging' branch; Version is '2020.3.21f1 (a38c86f6690f) revision 10718342'; Using compiler version '192528614'; Build Type 'Release'
OS: 'Windows 10 Home; OS build 19042.1288; Version 2009; 64bit' Language: 'en' Physical Memory: 16204 MB
BatchMode: 1, IsHumanControllingUs: 0, StartBugReporterOnCrash: 0, Is64bit: 1, IsPro: 0

COMMAND LINE ARGUMENTS:
C:\Program Files\Unity\Hub\Editor\2020.3.21f1\Editor\Unity.exe
-adb2
-batchMode
-noUpm
-name
AssetImportWorker0
-projectPath
D:/Unity Projects/Cart Squire/Supermarket-Squire
-logFile
Logs/AssetImportWorker0.log
-srvPort
56631
Successfully changed project path to: D:/Unity Projects/Cart Squire/Supermarket-Squire
D:/Unity Projects/Cart Squire/Supermarket-Squire
Using Asset Import Pipeline V2.
Refreshing native plugins compatible for Editor in 42.76 ms, found 3 plugins.
Preloading 0 native plugins for Editor in 0.00 ms.
Initialize engine version: 2020.3.21f1 (a38c86f6690f)
[Subsystems] Discovering subsystems at path C:/Program Files/Unity/Hub/Editor/2020.3.21f1/Editor/Data/Resources/UnitySubsystems
[Subsystems] Discovering subsystems at path D:/Unity Projects/Cart Squire/Supermarket-Squire/Assets
GfxDevice: creating device client; threaded=0
Direct3D:
    Version:  Direct3D 11.0 [level 11.1]
    Renderer: NVIDIA GeForce RTX 2070 (ID=0x1f14)
    Vendor:   
    VRAM:     8031 MB
    Driver:   26.21.14.4276
Initialize mono
Mono path[0] = 'C:/Program Files/Unity/Hub/Editor/2020.3.21f1/Editor/Data/Managed'
Mono path[1] = 'C:/Program Files/Unity/Hub/Editor/2020.3.21f1/Editor/Data/MonoBleedingEdge/lib/mono/unityjit'
Mono config path = 'C:/Program Files/Unity/Hub/Editor/2020.3.21f1/Editor/Data/MonoBleedingEdge/etc'
Using monoOptions --debugger-agent=transport=dt_socket,embedding=1,server=y,suspend=n,address=127.0.0.1:56716
Begin MonoManager ReloadAssembly
Registering precompiled unity dll's ...
Register platform support module: C:/Program Files/Unity/Hub/Editor/2020.3.21f1/Editor/Data/PlaybackEngines/WebGLSupport/UnityEditor.WebGL.Extensions.dll
Register platform support module: C:/Program Files/Unity/Hub/Editor/2020.3.21f1/Editor/Data/PlaybackEngines/WindowsStandaloneSupport/UnityEditor.WindowsStandalone.Extensions.dll
Registered in 0.002030 seconds.
Native extension for WindowsStandalone target not found
Native extension for WebGL target not found
Refreshing native plugins compatible for Editor in 42.11 ms, found 3 plugins.
Preloading 0 native plugins for Editor in 0.00 ms.
Mono: successfully reloaded assembly
- Completed reload, in  1.092 seconds
Domain Reload Profiling:
	ReloadAssembly (1092ms)
		BeginReloadAssembly (49ms)
			ExecutionOrderSort (0ms)
			DisableScriptedObjects (0ms)
			BackupInstance (0ms)
			ReleaseScriptingObjects (0ms)
			CreateAndSetChildDomain (1ms)
		EndReloadAssembly (418ms)
			LoadAssemblies (47ms)
			RebuildTransferFunctionScriptingTraits (0ms)
			SetupTypeCache (153ms)
			ReleaseScriptCaches (0ms)
			RebuildScriptCaches (26ms)
			SetupLoadedEditorAssemblies (160ms)
				LogAssemblyErrors (0ms)
				InitializePlatformSupportModulesInManaged (5ms)
				SetLoadedEditorAssemblies (0ms)
				RefreshPlugins (42ms)
				BeforeProcessingInitializeOnLoad (12ms)
				ProcessInitializeOnLoadAttributes (75ms)
				ProcessInitializeOnLoadMethodAttributes (25ms)
				AfterProcessingInitializeOnLoad (0ms)
				EditorAssembliesLoaded (0ms)
			ExecutionOrderSort2 (0ms)
			AwakeInstancesAfterBackupRestoration (0ms)
Platform modules already initialized, skipping
Registering precompiled user dll's ...
Registered in 0.003137 seconds.
Begin MonoManager ReloadAssembly
Native extension for WindowsStandalone target not found
Native extension for WebGL target not found
Refreshing native plugins compatible for Editor in 43.29 ms, found 3 plugins.
Preloading 0 native plugins for Editor in 0.00 ms.
Mono: successfully reloaded assembly
- Completed reload, in  1.028 seconds
Domain Reload Profiling:
	ReloadAssembly (1028ms)
		BeginReloadAssembly (135ms)
			ExecutionOrderSort (0ms)
			DisableScriptedObjects (4ms)
			BackupInstance (0ms)
			ReleaseScriptingObjects (0ms)
			CreateAndSetChildDomain (17ms)
		EndReloadAssembly (839ms)
			LoadAssemblies (80ms)
			RebuildTransferFunctionScriptingTraits (0ms)
			SetupTypeCache (276ms)
			ReleaseScriptCaches (0ms)
			RebuildScriptCaches (48ms)
			SetupLoadedEditorAssemblies (325ms)
				LogAssemblyErrors (0ms)
				InitializePlatformSupportModulesInManaged (4ms)
				SetLoadedEditorAssemblies (0ms)
				RefreshPlugins (43ms)
				BeforeProcessingInitializeOnLoad (69ms)
				ProcessInitializeOnLoadAttributes (189ms)
				ProcessInitializeOnLoadMethodAttributes (14ms)
				AfterProcessingInitializeOnLoad (5ms)
				EditorAssembliesLoaded (0ms)
			ExecutionOrderSort2 (0ms)
			AwakeInstancesAfterBackupRestoration (6ms)
Platform modules already initialized, skipping
========================================================================
Worker process is ready to serve import requests
Launched and connected shader compiler UnityShaderCompiler.exe after 0.07 seconds
Refreshing native plugins compatible for Editor in 1.11 ms, found 3 plugins.
Preloading 0 native plugins for Editor in 0.00 ms.
Unloading 2235 Unused Serialized files (Serialized files now loaded: 0)
System memory in use before: 97.8 MB.
System memory in use after: 97.9 MB.

Unloading 27 unused Assets to reduce memory usage. Loaded Objects now: 2673.
Total: 3.974900 ms (FindLiveObjects: 0.247000 ms CreateObjectMapping: 0.126500 ms MarkObjects: 3.547000 ms  DeleteObjects: 0.053500 ms)

AssetImportParameters requested are different than current active one (requested -> active):
  custom:framework-win-MediaFoundation: 216162199b28c13a410421893ffa2e32 -> 
  custom:video-decoder-ogg-theora: a1e56fd34408186e4bbccfd4996cb3dc -> 
  custom:container-muxer-webm: aa71ff27fc2769a1b78a27578f13a17b -> 
  custom:container-demuxer-webm: 4f35f7cbe854078d1ac9338744f61a02 -> 
  custom:container-demuxer-ogg: 62fdf1f143b41e24485cea50d1cbac27 -> 
  custom:video-encoder-webm-vp8: eb34c28f22e8b96e1ab97ce403110664 -> 
  custom:video-decoder-webm-vp8: 9c59270c3fd7afecdb556c50c9e8de78 -> 
  custom:audio-decoder-ogg-vorbis: bf7c407c2cedff20999df2af8eb42d56 -> 
  custom:audio-encoder-webm-vorbis: bf7c407c2cedff20999df2af8eb42d56 -> 
========================================================================
Received Import Request.
  path: Assets/Ryfi Games Splash/Circle.png
  artifactKey: Guid(effe2dff5da9e40708109f924803264a) Importer(815301076,1909f56bfc062723c751e8b465ee728b)
Start importing Assets/Ryfi Games Splash/Circle.png using Guid(effe2dff5da9e40708109f924803264a) Importer(815301076,1909f56bfc062723c751e8b465ee728b)  -> (artifact id: '4a62c365ae13c167a8bee908fbfad4c2') in 0.111369 seconds 
  Import took 0.115515 seconds .

========================================================================
Received Import Request.
  Time since last request: 0.000345 seconds.
  path: Assets/Ryfi Games Splash/Top Hat.png
  artifactKey: Guid(542407b98292346fda06f438c857b1b8) Importer(815301076,1909f56bfc062723c751e8b465ee728b)
Start importing Assets/Ryfi Games Splash/Top Hat.png using Guid(542407b98292346fda06f438c857b1b8) Importer(815301076,1909f56bfc062723c751e8b465ee728b)  -> (artifact id: '2f9bc47fb0d61379ec5c9fc535640bf5') in 0.022631 seconds 
  Import took 0.025813 seconds .

========================================================================
Received Import Request.
  Time since last request: 0.000142 seconds.
  path: Assets/Ryfi Games Splash/bam noise.mp3
  artifactKey: Guid(96971749645cd4ef6afaf3ccff31bbaf) Importer(815301076,1909f56bfc062723c751e8b465ee728b)
Start importing Assets/Ryfi Games Splash/bam noise.mp3 using Guid(96971749645cd4ef6afaf3ccff31bbaf) Importer(815301076,1909f56bfc062723c751e8b465ee728b)  -> (artifact id: '7e5486b719b068e79a684963eb22521d') in 0.030111 seconds 
  Import took 0.032926 seconds .

========================================================================
Received Import Request.
  Time since last request: 0.000194 seconds.
  path: Assets/Ryfi Games Splash/Square.png
  artifactKey: Guid(37ccc7525cf5d4512b8e6a36641e8fd5) Importer(815301076,1909f56bfc062723c751e8b465ee728b)
Start importing Assets/Ryfi Games Splash/Square.png using Guid(37ccc7525cf5d4512b8e6a36641e8fd5) Importer(815301076,1909f56bfc062723c751e8b465ee728b)  -> (artifact id: '6265ebd23ee12ed3a76c1fa0d2cab487') in 0.013850 seconds 
  Import took 0.016547 seconds .

========================================================================
Received Import Request.
  Time since last request: 0.000150 seconds.
  path: Assets/Ryfi Games Splash/Hat Front.png
  artifactKey: Guid(d96d456b6c2a54e41bda5eb042839788) Importer(815301076,1909f56bfc062723c751e8b465ee728b)
Start importing Assets/Ryfi Games Splash/Hat Front.png using Guid(d96d456b6c2a54e41bda5eb042839788) Importer(815301076,1909f56bfc062723c751e8b465ee728b)  -> (artifact id: '7a0e47478fc54c16edcd4746beb5cbcb') in 0.014800 seconds 
  Import took 0.017679 seconds .

========================================================================
Received Import Request.
  Time since last request: 0.000138 seconds.
  path: Assets/Ryfi Games Splash/Rabbit.png
  artifactKey: Guid(1872f9109f6e54da6b9efa5fa1425037) Importer(815301076,1909f56bfc062723c751e8b465ee728b)
Start importing Assets/Ryfi Games Splash/Rabbit.png using Guid(1872f9109f6e54da6b9efa5fa1425037) Importer(815301076,1909f56bfc062723c751e8b465ee728b)  -> (artifact id: 'b69510b1152348bc8d0164478909626c') in 0.013537 seconds 
  Import took 0.016317 seconds .

========================================================================
Received Import Request.
  Time since last request: 0.000144 seconds.
  path: Assets/Ryfi Games Splash/Text Logo.png
  artifactKey: Guid(9bb748bc473b04854ad23252b6a2f7ea) Importer(815301076,1909f56bfc062723c751e8b465ee728b)
Start importing Assets/Ryfi Games Splash/Text Logo.png using Guid(9bb748bc473b04854ad23252b6a2f7ea) Importer(815301076,1909f56bfc062723c751e8b465ee728b)  -> (artifact id: 'e317013eaead018861657ff7a2ae882e') in 0.014047 seconds 
  Import took 0.016828 seconds .

========================================================================
Received Import Request.
  Time since last request: 0.000160 seconds.
  path: Assets/Ryfi Games Splash/Controller Hands.png
  artifactKey: Guid(a323656e1045644c8a9185c5a2270bcd) Importer(815301076,1909f56bfc062723c751e8b465ee728b)
Start importing Assets/Ryfi Games Splash/Controller Hands.png using Guid(a323656e1045644c8a9185c5a2270bcd) Importer(815301076,1909f56bfc062723c751e8b465ee728b)  -> (artifact id: '2e4071ea13216411d1c308c570dc8922') in 0.015019 seconds 
  Import took 0.017828 seconds .

========================================================================
Received Import Request.
  Time since last request: 0.000190 seconds.
  path: Assets/Ryfi Games Splash/whoosh sound.mp3
  artifactKey: Guid(1a83e6c036d634e939b45a1656477870) Importer(815301076,1909f56bfc062723c751e8b465ee728b)
Start importing Assets/Ryfi Games Splash/whoosh sound.mp3 using Guid(1a83e6c036d634e939b45a1656477870) Importer(815301076,1909f56bfc062723c751e8b465ee728b)  -> (artifact id: '2cbd47dab9ffc4d5d1679615969248e1') in 0.011621 seconds 
  Import took 0.015217 seconds .

========================================================================
Received Import Request.
  Time since last request: 0.000179 seconds.
  path: Assets/Ryfi Games Splash/Hat Back.png
  artifactKey: Guid(66f951131e672452d903a1bd8c27cb25) Importer(815301076,1909f56bfc062723c751e8b465ee728b)
Start importing Assets/Ryfi Games Splash/Hat Back.png using Guid(66f951131e672452d903a1bd8c27cb25) Importer(815301076,1909f56bfc062723c751e8b465ee728b)  -> (artifact id: 'da205a223df4a374eb2b096f5e55bd21') in 0.013386 seconds 
  Import took 0.016257 seconds .

========================================================================
Received Prepare
Registering precompiled user dll's ...
Registered in 0.005381 seconds.
Begin MonoManager ReloadAssembly
Native extension for WindowsStandalone target not found
Native extension for WebGL target not found
Refreshing native plugins compatible for Editor in 0.44 ms, found 3 plugins.
Preloading 0 native plugins for Editor in 0.00 ms.
Mono: successfully reloaded assembly
- Completed reload, in  1.032 seconds
Domain Reload Profiling:
	ReloadAssembly (1032ms)
		BeginReloadAssembly (117ms)
			ExecutionOrderSort (0ms)
			DisableScriptedObjects (5ms)
			BackupInstance (0ms)
			ReleaseScriptingObjects (0ms)
			CreateAndSetChildDomain (34ms)
		EndReloadAssembly (858ms)
			LoadAssemblies (86ms)
			RebuildTransferFunctionScriptingTraits (0ms)
			SetupTypeCache (303ms)
			ReleaseScriptCaches (3ms)
			RebuildScriptCaches (55ms)
			SetupLoadedEditorAssemblies (308ms)
				LogAssemblyErrors (0ms)
				InitializePlatformSupportModulesInManaged (5ms)
				SetLoadedEditorAssemblies (1ms)
				RefreshPlugins (0ms)
				BeforeProcessingInitializeOnLoad (86ms)
				ProcessInitializeOnLoadAttributes (200ms)
				ProcessInitializeOnLoadMethodAttributes (10ms)
				AfterProcessingInitializeOnLoad (5ms)
				EditorAssembliesLoaded (0ms)
			ExecutionOrderSort2 (0ms)
			AwakeInstancesAfterBackupRestoration (8ms)
Platform modules already initialized, skipping
Refreshing native plugins compatible for Editor in 0.44 ms, found 3 plugins.
Preloading 0 native plugins for Editor in 0.00 ms.
Unloading 2223 Unused Serialized files (Serialized files now loaded: 0)
System memory in use before: 100.3 MB.
System memory in use after: 100.4 MB.

Unloading 17 unused Assets to reduce memory usage. Loaded Objects now: 2698.
Total: 2.872200 ms (FindLiveObjects: 0.187800 ms CreateObjectMapping: 0.086800 ms MarkObjects: 2.579300 ms  DeleteObjects: 0.017300 ms)

AssetImportParameters requested are different than current active one (requested -> active):
  custom:framework-win-MediaFoundation: 216162199b28c13a410421893ffa2e32 -> 
  custom:video-decoder-ogg-theora: a1e56fd34408186e4bbccfd4996cb3dc -> 
  custom:container-muxer-webm: aa71ff27fc2769a1b78a27578f13a17b -> 
  custom:container-demuxer-webm: 4f35f7cbe854078d1ac9338744f61a02 -> 
  custom:container-demuxer-ogg: 62fdf1f143b41e24485cea50d1cbac27 -> 
  custom:video-encoder-webm-vp8: eb34c28f22e8b96e1ab97ce403110664 -> 
  custom:video-decoder-webm-vp8: 9c59270c3fd7afecdb556c50c9e8de78 -> 
  custom:audio-decoder-ogg-vorbis: bf7c407c2cedff20999df2af8eb42d56 -> 
  custom:audio-encoder-webm-vorbis: bf7c407c2cedff20999df2af8eb42d56 -> 
========================================================================
Received Import Request.
  Time since last request: 164.899252 seconds.
  path: Assets/Sprites/Arrow Sign.png
  artifactKey: Guid(e9488f9e519883242b6a178a209000b7) Importer(815301076,1909f56bfc062723c751e8b465ee728b)
Start importing Assets/Sprites/Arrow Sign.png using Guid(e9488f9e519883242b6a178a209000b7) Importer(815301076,1909f56bfc062723c751e8b465ee728b)  -> (artifact id: 'b4857036fb76e491dac0ace80fd921a1') in 0.056953 seconds 
  Import took 0.060051 seconds .

========================================================================
Received Import Request.
  Time since last request: 0.000166 seconds.
  path: Assets/Sprites/Bakery Lettering.png
  artifactKey: Guid(d42e086574fc7e044ad40995a24cad0d) Importer(815301076,1909f56bfc062723c751e8b465ee728b)
Start importing Assets/Sprites/Bakery Lettering.png using Guid(d42e086574fc7e044ad40995a24cad0d) Importer(815301076,1909f56bfc062723c751e8b465ee728b)  -> (artifact id: '499c2b77b267a310ed859beb935afac0') in 0.010764 seconds 
  Import took 0.013669 seconds .

========================================================================
Received Import Request.
  Time since last request: 0.000136 seconds.
  path: Assets/Sprites/Big Shopping List.png
  artifactKey: Guid(ec8c5e8b2cbfd6c43b2142245b11ac92) Importer(815301076,1909f56bfc062723c751e8b465ee728b)
Start importing Assets/Sprites/Big Shopping List.png using Guid(ec8c5e8b2cbfd6c43b2142245b11ac92) Importer(815301076,1909f56bfc062723c751e8b465ee728b)  -> (artifact id: 'ea16915dbf60e3eb9046e5092ac84acf') in 0.011047 seconds 
  Import took 0.014087 seconds .

========================================================================
Received Import Request.
  Time since last request: 0.000155 seconds.
  path: Assets/Sprites/Bread Loaf.png
  artifactKey: Guid(25651280de6d95d42a33ffb26abdd891) Importer(815301076,1909f56bfc062723c751e8b465ee728b)
Start importing Assets/Sprites/Bread Loaf.png using Guid(25651280de6d95d42a33ffb26abdd891) Importer(815301076,1909f56bfc062723c751e8b465ee728b)  -> (artifact id: 'b7d7e35d1ab65e9fe766c430a044f8ff') in 0.010443 seconds 
  Import took 0.013422 seconds .

========================================================================
Received Import Request.
  Time since last request: 0.000151 seconds.
  path: Assets/Sprites/Can Stack.png
  artifactKey: Guid(25661f7ee5cb2214f96e7a22a08b6c29) Importer(815301076,1909f56bfc062723c751e8b465ee728b)
Start importing Assets/Sprites/Can Stack.png using Guid(25661f7ee5cb2214f96e7a22a08b6c29) Importer(815301076,1909f56bfc062723c751e8b465ee728b)  -> (artifact id: '198cff11271842c53fc7f58afc4f2d9b') in 0.010622 seconds 
  Import took 0.013536 seconds .

========================================================================
Received Import Request.
  Time since last request: 0.000123 seconds.
  path: Assets/Sprites/Button 3x1.png
  artifactKey: Guid(08e7cfafa88d1a746b53eddb0eb27b14) Importer(815301076,1909f56bfc062723c751e8b465ee728b)
Start importing Assets/Sprites/Button 3x1.png using Guid(08e7cfafa88d1a746b53eddb0eb27b14) Importer(815301076,1909f56bfc062723c751e8b465ee728b)  -> (artifact id: '0775c3415024b42f4bd98c2fe351622b') in 0.012514 seconds 
  Import took 0.015329 seconds .

========================================================================
Received Import Request.
  Time since last request: 0.000164 seconds.
  path: Assets/Sprites/Bologna.png
  artifactKey: Guid(691ac55132849524f9b9093f5b026570) Importer(815301076,1909f56bfc062723c751e8b465ee728b)
Start importing Assets/Sprites/Bologna.png using Guid(691ac55132849524f9b9093f5b026570) Importer(815301076,1909f56bfc062723c751e8b465ee728b)  -> (artifact id: '085decedbdd0e0e129a5a3cb37f4e86f') in 0.010029 seconds 
  Import took 0.012976 seconds .

========================================================================
Received Import Request.
  Time since last request: 0.000153 seconds.
  path: Assets/Sprites/Blank Box.png
  artifactKey: Guid(927a360c8a39ff144aa97b8545c1ce5e) Importer(815301076,1909f56bfc062723c751e8b465ee728b)
Start importing Assets/Sprites/Blank Box.png using Guid(927a360c8a39ff144aa97b8545c1ce5e) Importer(815301076,1909f56bfc062723c751e8b465ee728b)  -> (artifact id: '0c9c7626fb15b440ccd3ff4660378ce6') in 0.009890 seconds 
  Import took 0.012873 seconds .

========================================================================
Received Import Request.
  Time since last request: 1.693149 seconds.
  path: Assets/Sprites/Shopping List Icon.png
  artifactKey: Guid(34b9b8296775d1943b2081e1b49ae6d3) Importer(815301076,1909f56bfc062723c751e8b465ee728b)
Start importing Assets/Sprites/Shopping List Icon.png using Guid(34b9b8296775d1943b2081e1b49ae6d3) Importer(815301076,1909f56bfc062723c751e8b465ee728b)  -> (artifact id: '51eb750c33665263d2cc450d9745b5e1') in 0.009602 seconds 
  Import took 0.012773 seconds .

========================================================================
Received Import Request.
  Time since last request: 0.000165 seconds.
  path: Assets/Sprites/SMSIconT.png
  artifactKey: Guid(77fe60500e469fe4faeb64440b263fe0) Importer(815301076,1909f56bfc062723c751e8b465ee728b)
Start importing Assets/Sprites/SMSIconT.png using Guid(77fe60500e469fe4faeb64440b263fe0) Importer(815301076,1909f56bfc062723c751e8b465ee728b)  -> (artifact id: '3bbddaca1fdc0a3605916a509b425b01') in 0.016675 seconds 
  Import took 0.019703 seconds .

========================================================================
Received Import Request.
  Time since last request: 0.000160 seconds.
  path: Assets/Sprites/smsIcon1.png
  artifactKey: Guid(71542e4971bf85343b719dd0f2c86178) Importer(815301076,1909f56bfc062723c751e8b465ee728b)
Start importing Assets/Sprites/smsIcon1.png using Guid(71542e4971bf85343b719dd0f2c86178) Importer(815301076,1909f56bfc062723c751e8b465ee728b)  -> (artifact id: '8826ab50e1d2ede266557b5f5625f0e3') in 0.013302 seconds 
  Import took 0.016167 seconds .

========================================================================
Received Import Request.
  Time since last request: 0.000134 seconds.
  path: Assets/Sprites/SMSIcon.png
  artifactKey: Guid(d71e6368ad092ab4f84d0ca15c6ca878) Importer(815301076,1909f56bfc062723c751e8b465ee728b)
Start importing Assets/Sprites/SMSIcon.png using Guid(d71e6368ad092ab4f84d0ca15c6ca878) Importer(815301076,1909f56bfc062723c751e8b465ee728b)  -> (artifact id: 'a118eb796cc967980e8a7660ac42c8c1') in 0.013105 seconds 
  Import took 0.015911 seconds .

========================================================================
Received Prepare
Registering precompiled user dll's ...
Registered in 0.007002 seconds.
Begin MonoManager ReloadAssembly
Native extension for WindowsStandalone target not found
Native extension for WebGL target not found
Refreshing native plugins compatible for Editor in 0.54 ms, found 3 plugins.
Preloading 0 native plugins for Editor in 0.00 ms.
Mono: successfully reloaded assembly
- Completed reload, in  0.965 seconds
Domain Reload Profiling:
	ReloadAssembly (965ms)
		BeginReloadAssembly (111ms)
			ExecutionOrderSort (0ms)
			DisableScriptedObjects (6ms)
			BackupInstance (0ms)
			ReleaseScriptingObjects (0ms)
			CreateAndSetChildDomain (33ms)
		EndReloadAssembly (799ms)
			LoadAssemblies (79ms)
			RebuildTransferFunctionScriptingTraits (0ms)
			SetupTypeCache (274ms)
			ReleaseScriptCaches (1ms)
			RebuildScriptCaches (47ms)
			SetupLoadedEditorAssemblies (305ms)
				LogAssemblyErrors (0ms)
				InitializePlatformSupportModulesInManaged (6ms)
				SetLoadedEditorAssemblies (0ms)
				RefreshPlugins (1ms)
				BeforeProcessingInitializeOnLoad (96ms)
				ProcessInitializeOnLoadAttributes (184ms)
				ProcessInitializeOnLoadMethodAttributes (11ms)
				AfterProcessingInitializeOnLoad (6ms)
				EditorAssembliesLoaded (0ms)
			ExecutionOrderSort2 (0ms)
			AwakeInstancesAfterBackupRestoration (8ms)
Platform modules already initialized, skipping
Refreshing native plugins compatible for Editor in 0.62 ms, found 3 plugins.
Preloading 0 native plugins for Editor in 0.00 ms.
Unloading 2223 Unused Serialized files (Serialized files now loaded: 0)
System memory in use before: 100.5 MB.
System memory in use after: 100.7 MB.

Unloading 17 unused Assets to reduce memory usage. Loaded Objects now: 2723.
Total: 2.969400 ms (FindLiveObjects: 0.229200 ms CreateObjectMapping: 0.088800 ms MarkObjects: 2.636300 ms  DeleteObjects: 0.014100 ms)

AssetImportParameters requested are different than current active one (requested -> active):
  custom:framework-win-MediaFoundation: 216162199b28c13a410421893ffa2e32 -> 
  custom:video-decoder-ogg-theora: a1e56fd34408186e4bbccfd4996cb3dc -> 
  custom:container-muxer-webm: aa71ff27fc2769a1b78a27578f13a17b -> 
  custom:container-demuxer-webm: 4f35f7cbe854078d1ac9338744f61a02 -> 
  custom:container-demuxer-ogg: 62fdf1f143b41e24485cea50d1cbac27 -> 
  custom:video-encoder-webm-vp8: eb34c28f22e8b96e1ab97ce403110664 -> 
  custom:video-decoder-webm-vp8: 9c59270c3fd7afecdb556c50c9e8de78 -> 
  custom:audio-decoder-ogg-vorbis: bf7c407c2cedff20999df2af8eb42d56 -> 
  custom:audio-encoder-webm-vorbis: bf7c407c2cedff20999df2af8eb42d56 -> 
========================================================================
Received Prepare
Refreshing native plugins compatible for Editor in 2.49 ms, found 3 plugins.
Preloading 0 native plugins for Editor in 0.00 ms.
Unloading 15 Unused Serialized files (Serialized files now loaded: 0)
System memory in use before: 56.9 MB.
System memory in use after: 57.1 MB.

Unloading 15 unused Assets to reduce memory usage. Loaded Objects now: 2723.
Total: 3.313200 ms (FindLiveObjects: 0.207900 ms CreateObjectMapping: 0.096000 ms MarkObjects: 2.990700 ms  DeleteObjects: 0.017800 ms)

AssetImportParameters requested are different than current active one (requested -> active):
  custom:framework-win-MediaFoundation: 216162199b28c13a410421893ffa2e32 -> 
  custom:video-decoder-ogg-theora: a1e56fd34408186e4bbccfd4996cb3dc -> 
  custom:container-muxer-webm: aa71ff27fc2769a1b78a27578f13a17b -> 
  custom:container-demuxer-webm: 4f35f7cbe854078d1ac9338744f61a02 -> 
  custom:container-demuxer-ogg: 62fdf1f143b41e24485cea50d1cbac27 -> 
  custom:video-encoder-webm-vp8: eb34c28f22e8b96e1ab97ce403110664 -> 
  custom:video-decoder-webm-vp8: 9c59270c3fd7afecdb556c50c9e8de78 -> 
  custom:audio-decoder-ogg-vorbis: bf7c407c2cedff20999df2af8eb42d56 -> 
  custom:audio-encoder-webm-vorbis: bf7c407c2cedff20999df2af8eb42d56 -> 
========================================================================
Received Prepare
Refreshing native plugins compatible for Editor in 2.48 ms, found 3 plugins.
Preloading 0 native plugins for Editor in 0.00 ms.
Unloading 15 Unused Serialized files (Serialized files now loaded: 0)
System memory in use before: 56.9 MB.
System memory in use after: 57.1 MB.

Unloading 15 unused Assets to reduce memory usage. Loaded Objects now: 2723.
Total: 3.053900 ms (FindLiveObjects: 0.199400 ms CreateObjectMapping: 0.095000 ms MarkObjects: 2.748700 ms  DeleteObjects: 0.010200 ms)

AssetImportParameters requested are different than current active one (requested -> active):
  custom:framework-win-MediaFoundation: 216162199b28c13a410421893ffa2e32 -> 
  custom:video-decoder-ogg-theora: a1e56fd34408186e4bbccfd4996cb3dc -> 
  custom:container-muxer-webm: aa71ff27fc2769a1b78a27578f13a17b -> 
  custom:container-demuxer-webm: 4f35f7cbe854078d1ac9338744f61a02 -> 
  custom:container-demuxer-ogg: 62fdf1f143b41e24485cea50d1cbac27 -> 
  custom:video-encoder-webm-vp8: eb34c28f22e8b96e1ab97ce403110664 -> 
  custom:video-decoder-webm-vp8: 9c59270c3fd7afecdb556c50c9e8de78 -> 
  custom:audio-decoder-ogg-vorbis: bf7c407c2cedff20999df2af8eb42d56 -> 
  custom:audio-encoder-webm-vorbis: bf7c407c2cedff20999df2af8eb42d56 -> 
